{"/Users/chandanapriya/Documents/coding_exercise/ReactJS-Blog/src/components/alert.jsx": {"path":"/Users/chandanapriya/Documents/coding_exercise/ReactJS-Blog/src/components/alert.jsx","statementMap":{"0":{"start":{"line":4,"column":4},"end":{"line":8,"column":5}}},"fnMap":{"0":{"name":"(anonymous_0)","decl":{"start":{"line":3,"column":15},"end":{"line":3,"column":16}},"loc":{"start":{"line":3,"column":24},"end":{"line":9,"column":1}},"line":3}},"branchMap":{},"s":{"0":1},"f":{"0":1},"b":{},"_coverageSchema":"1a1c01bbd47fc00a2c39e90264f33305004495a9","hash":"05bf470a6591b0e2fd27c0a868203fed3068a8ed"}
,"/Users/chandanapriya/Documents/coding_exercise/ReactJS-Blog/src/components/delete_modal.jsx": {"path":"/Users/chandanapriya/Documents/coding_exercise/ReactJS-Blog/src/components/delete_modal.jsx","statementMap":{"0":{"start":{"line":6,"column":26},"end":{"line":8,"column":5}},"1":{"start":{"line":7,"column":8},"end":{"line":7,"column":25}},"2":{"start":{"line":10,"column":4},"end":{"line":28,"column":5}},"3":{"start":{"line":12,"column":51},"end":{"line":12,"column":82}},"4":{"start":{"line":22,"column":126},"end":{"line":22,"column":157}}},"fnMap":{"0":{"name":"(anonymous_0)","decl":{"start":{"line":4,"column":15},"end":{"line":4,"column":16}},"loc":{"start":{"line":4,"column":24},"end":{"line":29,"column":1}},"line":4},"1":{"name":"(anonymous_1)","decl":{"start":{"line":6,"column":26},"end":{"line":6,"column":27}},"loc":{"start":{"line":6,"column":32},"end":{"line":8,"column":5}},"line":6},"2":{"name":"(anonymous_2)","decl":{"start":{"line":12,"column":45},"end":{"line":12,"column":46}},"loc":{"start":{"line":12,"column":51},"end":{"line":12,"column":82}},"line":12},"3":{"name":"(anonymous_3)","decl":{"start":{"line":22,"column":120},"end":{"line":22,"column":121}},"loc":{"start":{"line":22,"column":126},"end":{"line":22,"column":157}},"line":22}},"branchMap":{},"s":{"0":2,"1":1,"2":2,"3":1,"4":1},"f":{"0":2,"1":1,"2":1,"3":1},"b":{},"_coverageSchema":"1a1c01bbd47fc00a2c39e90264f33305004495a9","hash":"70358872f68172f70c69f5c678091a343f042de8"}
}
